(Test 2 - load counter commented out still takes about 3.4 secs, not a counter issue so much it seems)


FUNCTION                                                              CALLS        %      TIME  [uS / CALLS]
--------                                                              -----  -------      ----  [----------]
erlang:send/2                                                             1     0.00         0  [      0.00]
'Elixir.Inspect.Algebra':surround/3                                       1     0.00         1  [      1.00]
'Elixir.Inspect.Algebra':do_surround_many/7                               1     0.00         1  [      1.00]
'Elixir.Stream':'-resource/3-fun-0-'/5                                    1     0.00         1  [      1.00]
io:o_request/3                                                            1     0.00         2  [      2.00]
io:put_chars/2                                                            1     0.00         2  [      2.00]
'Elixir.Hangman.Dictionary.Cache':do_load/2                               1     0.00         2  [      2.00]
'Elixir.Hangman.Dictionary.Cache':setup/0                                 1     0.00         2  [      2.00]
'Elixir.Hangman.Word.Chunks':transform_stream/3                           1     0.00         2  [      2.00]
'Elixir.Inspect.Algebra':group/1                                          1     0.00         2  [      2.00]
'Elixir.Inspect.Algebra':surround_many/5                                  1     0.00         2  [      2.00]
'Elixir.IO':puts/1                                                        1     0.00         2  [      2.00]
'Elixir.IO':puts/2                                                        1     0.00         2  [      2.00]
'Elixir.File':'open!'/2                                                   1     0.00         2  [      2.00]
'Elixir.Hangman.Dictionary.Stream':new/2                                  1     0.00         2  [      2.00]
'Elixir.Hangman.Dictionary.Stream':do_words/2                             1     0.00         2  [      2.00]
'Elixir.Inspect.PID':inspect/2                                            1     0.00         2  [      2.00]
'Elixir.Kernel':inspect/2                                                 1     0.00         2  [      2.00]
'Elixir.Stream':resource/3                                                1     0.00         2  [      2.00]
'Elixir.Stream':do_chunk_by/2                                             1     0.00         2  [      2.00]
'Elixir.Stream':'-each/2-fun-1-'/2                                        1     0.00         2  [      2.00]
'Elixir.Stream':'-chunk_by/2-fun-1-'/2                                    1     0.00         2  [      2.00]
'Elixir.Stream':'-map/2-fun-1-'/2                                         1     0.00         2  [      2.00]
file:close/1                                                              1     0.00         2  [      2.00]
'Elixir.Inspect.Opts':'__struct__'/0                                      1     0.00         2  [      2.00]
erlang:group_leader/0                                                     1     0.00         2  [      2.00]
'Elixir.Hangman.Dictionary.Cache':load/3                                  1     0.00         3  [      3.00]
'Elixir.Hangman.Dictionary.Cache':sort_and_write/2                        1     0.00         3  [      3.00]
'Elixir.Inspect.Algebra':surround_many/6                                  1     0.00         3  [      3.00]
'Elixir.Inspect.Algebra':default_mode/1                                   1     0.00         3  [      3.00]
'Elixir.Enumerable.Function':reduce/3                                     1     0.00         3  [      3.00]
erts_internal:flush_monitor_messages/3                                    1     0.00         3  [      3.00]
'Elixir.File':close/1                                                     1     0.00         3  [      3.00]
gen:do_call/4                                                             2     0.00         3  [      1.50]
gen:do_for_proc/2                                                         2     0.00         3  [      1.50]
'Elixir.Hangman.Dictionary.Stream':get_lazy/1                             1     0.00         3  [      3.00]
'Elixir.Hangman.Dictionary.Stream':'-do_words/2-fun-5-'/1                 1     0.00         3  [      3.00]
'Elixir.Stream':map/2                                                     1     0.00         3  [      3.00]
'Elixir.Stream':'-chunk_by/2-fun-2-'/2                                    1     0.00         3  [      3.00]
'Elixir.Enumerable.Stream':reduce/3                                       2     0.00         3  [      1.50]
'Elixir.Enumerable.Stream':do_done/2                                      2     0.00         3  [      1.50]
'Elixir.Inspect.List':inspect/2                                           1     0.00         3  [      3.00]
'Elixir.Inspect.List':'printable?'/1                                      1     0.00         3  [      3.00]
'Elixir.Inspect.Algebra':format/2                                         1     0.00         4  [      4.00]
'Elixir.Inspect.Algebra':nest/2                                           1     0.00         4  [      4.00]
'Elixir.File':open/1                                                      1     0.00         4  [      4.00]
gen:'-call/4-fun-0-'/4                                                    2     0.00         4  [      2.00]
'Elixir.Hangman.Dictionary.Stream':'-do_words/2-fun-0-'/1                 1     0.00         4  [      4.00]
'Elixir.Inspect.Integer':prepend_prefix/2                                 3     0.00         4  [      1.33]
'Elixir.Kernel':struct/2                                                  1     0.00         4  [      4.00]
'Elixir.Enumerable.Stream':do_reduce/3                                    2     0.00         4  [      2.00]
'Elixir.Enumerable.Stream':do_each/4                                      2     0.00         4  [      2.00]
file:open/2                                                               2     0.00         4  [      2.00]
file:call/2                                                               2     0.00         4  [      2.00]
file:file_request/2                                                       1     0.00         4  [      4.00]
'Elixir.Inspect.Integer':inspect/2                                        3     0.00         5  [      1.67]
'Elixir.Kernel':struct/3                                                  1     0.00         5  [      5.00]
'Elixir.Stream':run/1                                                     1     0.00         5  [      5.00]
'Elixir.Stream':chunk_by/2                                                1     0.00         5  [      5.00]
'Elixir.Stream':each/2                                                    1     0.00         5  [      5.00]
ets:new/2                                                                 1     0.00         5  [      5.00]
erlang:list_to_tuple/1                                                    2     0.00         5  [      2.50]
'Elixir.IO':chardata_to_string/1                                          2     0.00         6  [      3.00]
'Elixir.File':'open!'/1                                                   1     0.00         6  [      6.00]
'Elixir.File':open_defaults/2                                             2     0.00         6  [      3.00]
'Elixir.File':open/2                                                      2     0.00         6  [      3.00]
'Elixir.Kernel':inspect/1                                                 1     0.00         6  [      6.00]
erlang:integer_to_binary/1                                                3     0.00         6  [      2.00]
gen:call/4                                                                2     0.00         7  [      3.50]
gen_server:call/3                                                         2     0.00         7  [      3.50]
'Elixir.Enumerable.Stream':'-do_reduce/3-fun-1-'/3                        2     0.00         7  [      3.50]
file:file_name/1                                                          2     0.00         7  [      3.50]
'Elixir.Hangman.Dictionary.Cache.Profile':run_setup_test/0                1     0.00         7  [      7.00]
lists:member/2                                                            4     0.00         7  [      1.75]
ets:info/1                                                                2     0.00         7  [      3.50]
'Elixir.Hangman.Dictionary.Cache.Profile':'-go_simple/0-fun-0-'/0         1     0.00         8  [      8.00]
unicode:characters_to_binary/2                                            1     0.00         8  [      8.00]
'Elixir.Enumerable':impl_for/1                                            3     0.00         9  [      3.00]
erlang:integer_to_binary/2                                                3     0.00         9  [      3.00]
'Elixir.Enumerable.Stream':'-do_reduce/3-fun-0-'/2                        3     0.00         9  [      3.00]
'Elixir.Inspect.Integer':base_to_value/1                                  3     0.00        10  [      3.33]
'Elixir.Enumerable':reduce/3                                              3     0.00        10  [      3.33]
erlang:pid_to_list/1                                                      1     0.00        10  [     10.00]
'Elixir.Enumerable':'impl_for!'/1                                         3     0.00        11  [      3.67]
file:check_args/1                                                         6     0.00        12  [      2.00]
erlang:iolist_to_binary/1                                                 2     0.00        12  [      6.00]
erlang:send/3                                                             2     0.00        12  [      6.00]
'Elixir.Inspect.Atom':inspect/2                                           9     0.00        13  [      1.44]
lists:foldl/3                                                             5     0.00        13  [      2.60]
'Elixir.Inspect.Algebra':glue/2                                          12     0.00        16  [      1.33]
code:call/1                                                              14     0.00        20  [      1.43]
'Elixir.Inspect':inspect/2                                               14     0.00        20  [      1.43]
'Elixir.Inspect.Algebra':do_join/3                                       12     0.00        21  [      1.75]
'Elixir.Inspect.List':keyword/2                                          13     0.00        22  [      1.69]
erlang:atom_to_list/1                                                    13     0.00        23  [      1.77]
'Elixir.Inspect.Atom':'valid_atom_piece?'/1                              19     0.00        26  [      1.37]
code:ensure_loaded/1                                                     14     0.00        27  [      1.93]
error_handler:undefined_function/3                                       14     0.00        31  [      2.21]
'Elixir.Inspect.Algebra':break/0                                         12     0.00        34  [      2.83]
erlang:atom_to_binary/2                                                  18     0.00        35  [      1.94]
'Elixir.Inspect.List':'-inspect/2-fun-0-'/2                              13     0.00        36  [      2.77]
erlang:whereis/1                                                         16     0.00        36  [      2.25]
'Elixir.Inspect':impl_for/1                                              14     0.00        39  [      2.79]
'Elixir.Inspect.Algebra':do_surround_many/5                              13     0.00        40  [      3.08]
erlang:function_exported/3                                               14     0.00        42  [      3.00]
'Elixir.Inspect.Algebra':decrement/1                                     12     0.00        44  [      3.67]
'Elixir.Inspect.Algebra':to_doc/2                                        14     0.00        45  [      3.21]
'Elixir.Inspect.List':key_to_binary/1                                    13     0.00        52  [      4.00]
'Elixir.Inspect.Atom':'valid_ref_identifier?'/1                          18     0.00        55  [      3.06]
'Elixir.Inspect.Atom':'valid_atom_identifier?'/1                         18     0.00        66  [      3.67]
error_handler:ensure_loaded/1                                            14     0.00        66  [      4.71]
'Elixir.Inspect.Atom':inspect/1                                          22     0.00        74  [      3.36]
'Elixir.Hangman.Dictionary.Stream':'-do_words/2-fun-3-'/1                26     0.00        76  [      2.92]
'Elixir.Hangman.Dictionary.Stream':'-do_words/2-fun-2-'/2                26     0.00        79  [      3.04]
code_server:call/2                                                       14     0.00        92  [      6.57]
'Elixir.Inspect':'impl_for!'/1                                           14     0.00       114  [      8.14]
'Elixir.String.Unicode':do_rstrip_s/1                                    96     0.00       171  [      1.78]
maps:is_key/2                                                           103     0.00       180  [      1.75]
'Elixir.Inspect.Algebra':concat/2                                        51     0.00       184  [      3.61]
'Elixir.Enum':map_reduce/3                                              103     0.00       197  [      1.91]
'Elixir.Stream':'-each/2-fun-0-'/4                                      103     0.00       232  [      2.25]
'Elixir.Inspect.Algebra':format/3                                       107     0.00       233  [      2.18]
'Elixir.Inspect.List':'keyword?'/1                                       14     0.00       236  [     16.86]
'Elixir.Inspect.Atom':'valid_identifier?'/1                             146     0.00       256  [      1.75]
'Elixir.Stream':'-run/1-fun-0-'/2                                       103     0.00       308  [      2.99]
'Elixir.Stream':'-map/2-fun-0-'/4                                       103     0.00       358  [      3.48]
'Elixir.Hangman.Dictionary.Cache':'-do_load/2-fun-0-'/2                 103     0.00       360  [      3.50]
lists:reverse/1                                                         106     0.00       426  [      4.02]
'Elixir.MapSet':'member?'/2                                             103     0.00       430  [      4.17]
'Elixir.Hangman.Word.Chunks':'-transform_stream/3-fun-2-'/1             103     0.00       444  [      4.31]
'Elixir.Enumerable.Stream':'-reduce/3-fun-0-'/3                         206     0.00       580  [      2.82]
ets:insert/2                                                            103     0.00       900  [      8.74]
'Elixir.Hangman.Dictionary.Cache':get_ets_chunk_key/1                   103     0.00       924  [      8.97]
lists:reverse/2                                                         100     0.03      7144  [     71.44]
erlang:term_to_binary/1                                                 103     0.08     22017  [    213.76]
'Elixir.String.Graphemes':length/1                                   173528     0.95    253016  [      1.46]
'Elixir.String':rstrip/1                                             173528     0.95    253343  [      1.46]
io:request/2                                                         173530     0.96    255077  [      1.47]
'Elixir.String.Unicode':rstrip/1                                     173528     0.97    257500  [      1.48]
'Elixir.String.Unicode':downcase/1                                   173528     0.97    257962  [      1.49]
net_kernel:dflag_unicode_io/1                                        173529     0.98    261859  [      1.51]
io:get_line/2                                                        173529     0.99    262774  [      1.51]
io:bc_req/3                                                          173529     1.00    265808  [      1.53]
io:execute_request/2                                                 173530     1.01    270306  [      1.56]
'Elixir.Stream':do_resource/5                                        173530     1.03    273324  [      1.58]
maps:put/3                                                           173554     1.07    284876  [      1.64]
maps:find/2                                                          173554     1.09    290223  [      1.67]
'Elixir.String.Unicode':lstrip/1                                     173528     1.10    292230  [      1.68]
erlang:demonitor/2                                                   173533     1.38    368193  [      2.12]
'Elixir.String':downcase/1                                           173528     1.87    498431  [      2.87]
'Elixir.Enum':'-map_reduce/3-lists^mapfoldl/2-0-'/3                  173631     1.87    499340  [      2.88]
'Elixir.String':lstrip/1                                             173528     1.89    502735  [      2.90]
'Elixir.Hangman.Word.Chunks':'-transform_stream/3-fun-1-'/2          173528     1.89    503005  [      2.90]
'Elixir.String':strip/1                                              173528     1.93    512880  [      2.96]
'Elixir.Hangman.Dictionary.Stream':'-do_words/2-fun-1-'/2            173502     1.97    523456  [      3.02]
'Elixir.Hangman.Dictionary.Stream':'-do_words/2-fun-4-'/1            173529     1.98    527832  [      3.04]
io:io_request/2                                                      173530     1.98    528258  [      3.04]
'Elixir.IO':read/2                                                   173529     1.99    529483  [      3.05]
'Elixir.String':length/1                                             173528     2.02    536917  [      3.09]
'Elixir.Stream':'-chunk_by/2-fun-0-'/4                               173528     2.11    560915  [      3.23]
'Elixir.Map':'update!'/3                                             173554     2.11    563060  [      3.24]
'Elixir.Hangman.Word.Chunks':'-transform_stream/3-fun-0-'/2          173528     2.13    566292  [      3.26]
'Elixir.String.Unicode':rstrip/2                                     347056     2.23    595181  [      1.71]
erlang:monitor/2                                                     173533     3.15    839733  [      4.84]
'Elixir.String.Unicode':do_rstrip_l/1                                346960     4.81   1280835  [      3.69]
'Elixir.String.Graphemes':next_extend_size/2                        1576461     8.89   2366847  [      1.50]
'Elixir.String.Graphemes':do_length/2                               1749989     9.70   2583836  [      1.48]
'Elixir.String.Unicode':downcase/2                                  1749989    10.72   2855341  [      1.63]
'Elixir.String.Graphemes':next_grapheme_size/1                      1749989    20.19   5376409  [      3.07]
-----------------------------------------------------------------  --------  -------  --------  [----------]
Total:                                                             12381928  100.00%  26634500  [      2.15]


(Test 1: with counter generation)

FUNCTION                                                              CALLS        %      TIME  [uS / CALLS]
--------                                                              -----  -------      ----  [----------]
erlang:send/2                                                             1     0.00         0  [      0.00]
'Elixir.Stream':'-chunk_by/2-fun-1-'/2                                    1     0.00         1  [      1.00]
'Elixir.Hangman.Dictionary.Cache':load/3                                  1     0.00         2  [      2.00]
'Elixir.Hangman.Word.Chunks':unpack/1                                     1     0.00         2  [      2.00]
'Elixir.Inspect.Map':inspect/2                                            1     0.00         2  [      2.00]
'Elixir.Inspect.Function':default_inspect/2                               1     0.00         2  [      2.00]
'Elixir.Inspect.Function':inspect/2                                       1     0.00         2  [      2.00]
'Elixir.File':close/1                                                     1     0.00         2  [      2.00]
'Elixir.Stream':do_chunk_by/2                                             1     0.00         2  [      2.00]
'Elixir.String.Chars.Integer':to_string/1                                 1     0.00         2  [      2.00]
file:close/1                                                              1     0.00         2  [      2.00]
'Elixir.Hangman.Dictionary.Cache':'-get_ets_keys_lazy/1-fun-2-'/1         1     0.00         3  [      3.00]
'Elixir.Hangman.Dictionary.Cache':'-get_ets_keys_lazy/1-fun-0-'/0         1     0.00         3  [      3.00]
'Elixir.Hangman.Word.Chunks':get_count/2                                  1     0.00         3  [      3.00]
'Elixir.Hangman.Word.Chunks':'__struct__'/0                               1     0.00         3  [      3.00]
'Elixir.Inspect.Function':uniq/1                                          1     0.00         3  [      3.00]
'Elixir.File':'open!'/2                                                   1     0.00         3  [      3.00]
'Elixir.String.Chars':'impl_for!'/1                                       1     0.00         3  [      3.00]
'Elixir.Hangman.Dictionary.Stream':new/2                                  1     0.00         3  [      3.00]
'Elixir.Hangman.Dictionary.Stream':'-do_words/2-fun-0-'/1                 1     0.00         3  [      3.00]
'Elixir.Map':new/0                                                        1     0.00         3  [      3.00]
'Elixir.Stream':'-do_list_transform/9-fun-0-'/9                           1     0.00         3  [      3.00]
'Elixir.Hangman.Counter':'__struct__'/0                                   1     0.00         3  [      3.00]
'Elixir.Enum':take/2                                                      1     0.00         3  [      3.00]
file:file_request/2                                                       1     0.00         3  [      3.00]
maps:merge/2                                                              1     0.00         3  [      3.00]
'Elixir.Hangman.Dictionary.Cache':setup/0                                 1     0.00         4  [      4.00]
'Elixir.Hangman.Dictionary.Cache':get_ets_keys_lazy/1                     1     0.00         4  [      4.00]
'Elixir.Hangman.Dictionary.Cache':sort_and_write/2                        1     0.00         4  [      4.00]
'Elixir.Hangman.Word.Chunks':'-get_words_lazy/1-fun-0-'/1                 1     0.00         4  [      4.00]
'Elixir.Inspect.Function':extract_name/1                                  1     0.00         4  [      4.00]
erts_internal:flush_monitor_messages/3                                    1     0.00         4  [      4.00]
'Elixir.File':open/1                                                      1     0.00         4  [      4.00]
'Elixir.String.Chars':impl_for/1                                          1     0.00         4  [      4.00]
'Elixir.String.Chars':to_string/1                                         1     0.00         4  [      4.00]
gen:do_for_proc/2                                                         2     0.00         4  [      2.00]
'Elixir.Inspect.PID':inspect/2                                            2     0.00         4  [      2.00]
'Elixir.Stream':resource/3                                                2     0.00         4  [      2.00]
'Elixir.Stream':'-chunk_by/2-fun-2-'/2                                    1     0.00         4  [      4.00]
'Elixir.Stream':'-map/2-fun-1-'/2                                         2     0.00         4  [      2.00]
'Elixir.Hangman.Dictionary.Cache.Profile':run_test/0                      1     0.00         4  [      4.00]
'Elixir.Inspect.List':inspect/2                                           2     0.00         4  [      2.00]
'Elixir.Hangman.Word.Chunks':get_words_lazy/1                             1     0.00         5  [      5.00]
gen:'-call/4-fun-0-'/4                                                    2     0.00         5  [      2.50]
'Elixir.Hangman.Dictionary.Stream':do_words/2                             1     0.00         5  [      5.00]
'Elixir.Hangman.Dictionary.Stream':'-do_words/2-fun-5-'/1                 1     0.00         5  [      5.00]
'Elixir.Stream':'-resource/3-fun-0-'/5                                    2     0.00         5  [      2.50]
erlang:fun_info/1                                                         1     0.00         5  [      5.00]
'Elixir.Inspect.Any':inspect/2                                            2     0.00         5  [      2.50]
'Elixir.Hangman.Word.Chunks':new/1                                        1     0.00         6  [      6.00]
gen:do_call/4                                                             2     0.00         6  [      3.00]
binary:split/3                                                            1     0.00         6  [      6.00]
binary:get_opts_split/2                                                   2     0.00         6  [      3.00]
'Elixir.Stream':do_list_transform/9                                       3     0.00         6  [      2.00]
'Elixir.Stream':chunk_by/2                                                1     0.00         6  [      6.00]
'Elixir.Stream':'-each/2-fun-1-'/2                                        3     0.00         6  [      2.00]
'Elixir.Hangman.Counter':new/1                                            1     0.00         6  [      6.00]
'Elixir.Enum':into/2                                                      1     0.00         6  [      6.00]
file:open/2                                                               2     0.00         6  [      3.00]
file:call/2                                                               2     0.00         6  [      3.00]
'Elixir.Inspect.List':'printable?'/1                                      2     0.00         6  [      3.00]
ets:new/2                                                                 1     0.00         6  [      6.00]
'Elixir.Inspect.Map':inspect/3                                            3     0.00         7  [      2.33]
'Elixir.Stream':'-do_transform/8-fun-1-'/3                                2     0.00         7  [      3.50]
'Elixir.Enumerable.Stream':reduce/3                                       4     0.00         7  [      1.75]
'Elixir.Enumerable.Stream':do_done/2                                      4     0.00         7  [      1.75]
binary:matches/3                                                          1     0.00         7  [      7.00]
erlang:list_to_tuple/1                                                    2     0.00         7  [      3.50]
'Elixir.Hangman.Dictionary.Cache':lookup/2                                2     0.00         8  [      4.00]
'Elixir.File':open/2                                                      2     0.00         8  [      4.00]
'Elixir.Enumerable.Stream':do_reduce/3                                    4     0.00         8  [      2.00]
'Elixir.Enumerable.Stream':do_each/4                                      4     0.00         8  [      2.00]
'Elixir.Hangman.Dictionary.Cache.Profile':'-go_simple/0-fun-0-'/0         1     0.00         8  [      8.00]
maps:remove/2                                                             4     0.00         8  [      2.00]
binary:part/2                                                             5     0.00         8  [      1.60]
'Elixir.Hangman.Dictionary.Cache':do_load/2                               2     0.00         9  [      4.50]
'Elixir.IO':chardata_to_string/1                                          2     0.00         9  [      4.50]
'Elixir.Inspect.Map':traverse_fun/1                                       3     0.00         9  [      3.00]
'Elixir.File':'open!'/1                                                   1     0.00         9  [      9.00]
'Elixir.File':open_defaults/2                                             2     0.00         9  [      4.50]
gen_server:call/3                                                         2     0.00         9  [      4.50]
'Elixir.Stream':run/1                                                     2     0.00         9  [      4.50]
maps:keys/1                                                               4     0.00         9  [      2.25]
lists:keyfind/3                                                           6     0.00         9  [      1.50]
lists:member/2                                                            4     0.00         9  [      2.25]
'Elixir.Hangman.Dictionary.Stream':get_lazy/1                             1     0.00        10  [     10.00]
'Elixir.Access':get/3                                                     6     0.00        10  [      1.67]
file:file_name/1                                                          2     0.00        10  [      5.00]
maps:to_list/1                                                            3     0.00        10  [      3.33]
gen:call/4                                                                2     0.00        11  [      5.50]
'Elixir.Stream':map/2                                                     2     0.00        11  [      5.50]
'Elixir.Hangman.Word.Chunks':transform_stream/3                           1     0.00        12  [     12.00]
'Elixir.Enumerable.Stream':'-do_reduce/3-fun-1-'/3                        4     0.00        13  [      3.25]
'Elixir.Inspect.Atom':'only_elixir?'/1                                    6     0.00        15  [      2.50]
erlang:fun_info_1/3                                                      11     0.00        15  [      1.36]
file:check_args/1                                                         6     0.00        16  [      2.67]
'Elixir.Inspect.Atom':'valid_ref_piece?'/1                                9     0.00        17  [      1.89]
'Elixir.Stream':each/2                                                    3     0.00        17  [      5.67]
'Elixir.IO':puts/1                                                        5     0.00        18  [      3.60]
'Elixir.Access':fetch/2                                                   6     0.00        18  [      3.00]
binary:do_split/5                                                         5     0.00        18  [      3.60]
'Elixir.Enumerable.Stream':'-do_reduce/3-fun-0-'/2                        6     0.00        18  [      3.00]
'Elixir.Access':get/2                                                     6     0.00        19  [      3.17]
ets:match_object/2                                                        1     0.00        19  [     19.00]
erlang:send/3                                                             2     0.00        19  [      9.50]
erlang:fun_info/2                                                        10     0.00        19  [      1.90]
ets:info/1                                                                5     0.00        20  [      4.00]
erlang:pid_to_list/1                                                      2     0.00        20  [     10.00]
'Elixir.Stream':do_transform_each/3                                      14     0.00        22  [      1.57]
'Elixir.Hangman.Word.Chunks':add/2                                       15     0.00        24  [      1.60]
'Elixir.Stream':do_transform_step/2                                      17     0.00        24  [      1.41]
'Elixir.Stream':transform/3                                              16     0.00        24  [      1.50]
'Elixir.Stream':do_transform/6                                           16     0.00        24  [      1.50]
'Elixir.Stream':'-transform/3-fun-1-'/5                                  16     0.00        25  [      1.56]
'Elixir.Enumerable.Function':reduce/3                                    18     0.00        26  [      1.44]
code:ensure_loaded/1                                                     14     0.00        26  [      1.86]
'Elixir.Stream':flat_map/2                                               16     0.00        26  [      1.63]
'Elixir.Stream':do_transform/8                                           17     0.00        26  [      1.53]
code:call/1                                                              14     0.00        27  [      1.93]
'Elixir.IO':inspect/2                                                    20     0.00        28  [      1.40]
'Elixir.IO':inspect/3                                                    20     0.00        29  [      1.45]
error_handler:undefined_function/3                                       14     0.00        35  [      2.50]
'Elixir.Stream':'-do_enum_transform/9-fun-0-'/9                          14     0.00        35  [      2.50]
erlang:group_leader/0                                                    25     0.00        35  [      1.40]
io:o_request/3                                                           25     0.00        37  [      1.48]
'Elixir.Stream':'-do_transform/6-fun-0-'/3                               14     0.00        37  [      2.64]
'Elixir.Stream':'-do_transform/8-fun-2-'/3                               14     0.00        39  [      2.79]
erlang:whereis/1                                                         16     0.00        41  [      2.56]
io:put_chars/2                                                           25     0.00        42  [      1.68]
'Elixir.Stream':concat/2                                                 15     0.00        45  [      3.00]
'Elixir.Stream':'-do_transform/6-fun-2-'/3                               16     0.00        45  [      2.81]
'Elixir.Stream':do_after/2                                               16     0.00        46  [      2.88]
'Elixir.Stream':'-do_transform/6-fun-1-'/2                               17     0.00        46  [      2.71]
'Elixir.Stream':'-transform/3-fun-0-'/1                                  16     0.00        46  [      2.88]
'Elixir.Stream':do_enum_transform/9                                      28     0.00        47  [      1.68]
'Elixir.Stream':'-flat_map/2-fun-0-'/3                                   17     0.00        47  [      2.76]
'Elixir.Stream':'-concat/2-fun-0-'/1                                     16     0.00        47  [      2.94]
'Elixir.Enumerable.List':'-reduce/3-fun-0-'/3                            17     0.00        47  [      2.76]
erlang:function_exported/3                                               14     0.00        48  [      3.43]
'Elixir.Inspect.List':keyword/2                                          31     0.00        52  [      1.68]
'Elixir.Enumerable':reduce/3                                             37     0.00        55  [      1.49]
'Elixir.Inspect.Map':to_map/2                                            26     0.00        58  [      2.23]
erlang:atom_to_list/1                                                    32     0.00        61  [      1.91]
'Elixir.IO':inspect/1                                                    20     0.00        63  [      3.15]
'Elixir.Enum':'-take/2-fun-0-'/2                                         20     0.00        65  [      3.25]
'Elixir.Inspect.List':'keyword?'/1                                       36     0.00        65  [      1.81]
ets:first/1                                                              28     0.00        65  [      2.32]
'Elixir.IO':puts/2                                                       25     0.00        68  [      2.72]
error_handler:ensure_loaded/1                                            14     0.00        72  [      5.14]
'Elixir.Hangman.Dictionary.Stream':'-do_words/2-fun-3-'/1                26     0.00        73  [      2.81]
'Elixir.Inspect.List':'-inspect/2-fun-0-'/2                              26     0.00        74  [      2.85]
'Elixir.Inspect.Map':'-traverse_fun/1-fun-0-'/2                          26     0.00        75  [      2.88]
'Elixir.Hangman.Dictionary.Stream':'-do_words/2-fun-2-'/2                26     0.00        76  [      2.92]
ets:foldl/3                                                              27     0.00        80  [      2.96]
code_server:call/2                                                       14     0.00        80  [      5.71]
'Elixir.Hangman.Dictionary.Cache':generate_tally/2                       40     0.00        84  [      2.10]
'Elixir.Hangman.Counter':new/0                                           26     0.00        84  [      3.23]
unicode:characters_to_binary/2                                           25     0.00        89  [      3.56]
ets:'-foldl/3-after$^0/0-0-'/1                                           27     0.00        95  [      3.52]
'Elixir.Hangman.Dictionary.Cache':get_ets_counter_key/1                  27     0.00       104  [      3.85]
'Elixir.Enumerable':impl_for/1                                           37     0.00       104  [      2.81]
'Elixir.Enumerable.List':reduce/3                                        71     0.00       104  [      1.46]
'Elixir.Inspect.List':key_to_binary/1                                    31     0.00       112  [      3.61]
'Elixir.Enumerable':'impl_for!'/1                                        37     0.00       121  [      3.27]
'Elixir.Hangman.Dictionary.Cache':'-get_ets_keys_lazy/1-fun-1-'/2        41     0.00       127  [      3.10]
'Elixir.Inspect.BitString':escape/2                                      46     0.00       140  [      3.04]
'Elixir.Hangman.Dictionary.Cache':'-do_load/2-fun-1-'/2                  40     0.00       147  [      3.67]
'Elixir.Hangman.Dictionary.Cache':'-do_load/2-fun-2-'/2                  40     0.00       161  [      4.03]
'Elixir.String.Unicode':do_rstrip_s/1                                    96     0.00       177  [      1.84]
'Elixir.Enum':map_reduce/3                                              103     0.00       210  [      2.04]
'Elixir.Inspect.BitString':inspect_bitstring/2                          129     0.00       263  [      2.04]
ets:safe_fixtable/2                                                      54     0.00       280  [      5.19]
'Elixir.Inspect.Atom':inspect/2                                         149     0.00       287  [      1.93]
'Elixir.Inspect.Atom':'valid_atom_piece?'/1                             172     0.00       318  [      1.85]
'Elixir.Inspect.Algebra':surround_many/5                                237     0.00       373  [      1.57]
'Elixir.Inspect.BitString':inspect/2                                    175     0.00       376  [      2.15]
'Elixir.Inspect.BitString':escape/3                                     232     0.00       385  [      1.66]
'Elixir.Hangman.Dictionary.Cache':'-lookup/2-fun-0-'/3                  129     0.00       386  [      2.99]
'Elixir.Inspect.Integer':prepend_prefix/2                               267     0.00       391  [      1.46]
'Elixir.Stream':'-each/2-fun-0-'/4                                      163     0.00       397  [      2.44]
'Elixir.Inspect.Atom':inspect/1                                         181     0.00       401  [      2.22]
'Elixir.Inspect.Algebra':do_surround_many/7                             237     0.00       404  [      1.70]
'Elixir.Hangman.Dictionary.Cache':'-do_load/2-fun-0-'/2                 103     0.00       417  [      4.05]
'Elixir.Inspect.Opts':'__struct__'/0                                    282     0.00       423  [      1.50]
'Elixir.Inspect.Algebra':surround_many/6                                237     0.00       432  [      1.82]
'Elixir.Stream':'-run/1-fun-0-'/2                                       143     0.00       433  [      3.03]
lists:reverse/1                                                         109     0.00       457  [      4.19]
'Elixir.Inspect.Algebra':glue/2                                         284     0.00       465  [      1.64]
'Elixir.Inspect.Algebra':group/1                                        237     0.00       474  [      2.00]
'Elixir.Inspect.Tuple':inspect/2                                        232     0.00       478  [      2.06]
erlang:atom_to_binary/2                                                 174     0.00       479  [      2.75]
'Elixir.Inspect.Integer':inspect/2                                      267     0.00       483  [      1.81]
'Elixir.Kernel':inspect/2                                               262     0.00       483  [      1.84]
'Elixir.Stream':'-map/2-fun-0-'/4                                       143     0.00       487  [      3.41]
erlang:tuple_to_list/1                                                  232     0.00       490  [      2.11]
'Elixir.Inspect.Algebra':do_join/3                                      284     0.00       496  [      1.75]
'Elixir.Hangman.Word.Chunks':'-transform_stream/3-fun-2-'/1             103     0.00       505  [      4.90]
erlang:make_fun/3                                                       235     0.00       508  [      2.16]
'Elixir.MapSet':'member?'/2                                             132     0.00       597  [      4.52]
'Elixir.Kernel':struct/3                                                282     0.00       652  [      2.31]
'Elixir.Inspect.Atom':'valid_ref_identifier?'/1                         173     0.00       669  [      3.87]
'Elixir.Enumerable.Stream':'-reduce/3-fun-0-'/3                         266     0.00       746  [      2.80]
'Elixir.Inspect.Algebra':break/0                                        284     0.00       828  [      2.92]
'Elixir.Inspect.Algebra':default_mode/1                                 282     0.00       847  [      3.00]
'Elixir.Inspect.Algebra':nest/2                                         238     0.00       851  [      3.58]
'Elixir.Inspect.BitString':append/2                                     372     0.00       860  [      2.31]
erlang:iolist_to_binary/1                                               264     0.00       860  [      3.26]
'Elixir.Inspect.Integer':base_to_value/1                                267     0.00       879  [      3.29]
erlang:integer_to_binary/2                                              267     0.00       881  [      3.30]
'Elixir.Inspect.Algebra':format/2                                       282     0.00       886  [      3.14]
'Elixir.Inspect.Atom':'valid_atom_identifier?'/1                        170     0.00       998  [      5.87]
'Elixir.Inspect.Algebra':decrement/1                                    284     0.00      1067  [      3.76]
'Elixir.Kernel':inspect/1                                               262     0.00      1077  [      4.11]
'Elixir.Kernel':struct/2                                                282     0.00      1113  [      3.95]
'Elixir.Inspect.Algebra':surround/3                                     237     0.00      1377  [      5.81]
'Elixir.Inspect':inspect/2                                              829     0.00      1697  [      2.05]
'Elixir.Inspect.Algebra':do_surround_many/5                             521     0.00      1736  [      3.33]
'Elixir.String':'printable?'/1                                          733     0.00      1823  [      2.49]
'Elixir.Hangman.Dictionary.Cache':get_ets_chunk_key/1                   104     0.00      2056  [     19.77]
'Elixir.Inspect.Atom':'valid_identifier?'/1                            1067     0.00      2082  [      1.95]
ets:next/2                                                             1093     0.00      2136  [      1.95]
ets:insert/2                                                            129     0.00      2345  [     18.18]
'Elixir.Inspect':impl_for/1                                             829     0.00      2449  [      2.95]
ets:do_foldl/4                                                         1080     0.00      2479  [      2.30]
'Elixir.Inspect':'impl_for!'/1                                          829     0.00      2818  [      3.40]
'Elixir.Inspect.Algebra':to_doc/2                                       829     0.00      2858  [      3.45]
'Elixir.Inspect.Algebra':concat/2                                      1409     0.01      4354  [      3.09]
ets:lookup/2                                                           1053     0.01      6522  [      6.19]
lists:foldl/3                                                          4195     0.01      8320  [      1.98]
lists:reverse/2                                                         101     0.01      9207  [     91.16]
'Elixir.Hangman.Dictionary.Cache':'-generate_tally/2-fun-1-'/4         3003     0.01      9365  [      3.12]
'Elixir.Inspect.Algebra':format/3                                      4139     0.01     11583  [      2.80]
'Elixir.Inspect.BitString':each_bit/3                                  6466     0.02     14255  [      2.20]
erlang:integer_to_binary/1                                             6608     0.02     16674  [      2.52]
'Elixir.Inspect.BitString':decrement/1                                 6337     0.03     24833  [      3.92]
erlang:term_to_binary/1                                                 129     0.04     29306  [    227.18]
erlang:binary_to_term/1                                                 105     0.04     31505  [    300.05]
'Elixir.String.Graphemes':length/1                                   173528     0.35    282889  [      1.63]
'Elixir.Enum':uniq_by/2                                              173528     0.35    284409  [      1.64]
'Elixir.String':rstrip/1                                             173528     0.36    295020  [      1.70]
io:request/2                                                         173554     0.37    295853  [      1.70]
'Elixir.Hangman.Counter':add_unique_letters/2                        173528     0.37    297716  [      1.72]
io:execute_request/2                                                 173554     0.37    301122  [      1.74]
'Elixir.String.Unicode':downcase/1                                   173528     0.37    302523  [      1.74]
'Elixir.String.Unicode':rstrip/1                                     173528     0.38    308445  [      1.78]
io:get_line/2                                                        173529     0.38    309613  [      1.78]
'Elixir.String.Unicode':codepoints/1                                 173528     0.39    319238  [      1.84]
'Elixir.Stream':do_resource/5                                        173572     0.40    322475  [      1.86]
'Elixir.String.Unicode':lstrip/1                                     173528     0.40    326922  [      1.88]
net_kernel:dflag_unicode_io/1                                        173529     0.40    327701  [      1.89]
io:bc_req/3                                                          173529     0.41    332802  [      1.92]
'Elixir.Hangman.Counter':add_letters/2                               173528     0.43    348041  [      2.01]
erlang:demonitor/2                                                   173557     0.53    426234  [      2.46]
'Elixir.String':codepoints/1                                         173528     0.69    556383  [      3.21]
'Elixir.Enum':uniq/1                                                 173528     0.69    558923  [      3.22]
'Elixir.String':downcase/1                                           173528     0.69    560604  [      3.23]
'Elixir.Enum':'-map_reduce/3-lists^mapfoldl/2-0-'/3                  173631     0.70    564954  [      3.25]
'Elixir.Hangman.Dictionary.Cache':'-generate_tally/2-fun-0-'/2       173528     0.70    570713  [      3.29]
'Elixir.String':lstrip/1                                             173528     0.71    573388  [      3.30]
'Elixir.Hangman.Word.Chunks':'-transform_stream/3-fun-1-'/2          173528     0.71    575508  [      3.32]
'Elixir.Enum':reduce/3                                               173631     0.72    582913  [      3.36]
'Elixir.String':strip/1                                              173528     0.74    599789  [      3.46]
io:io_request/2                                                      173554     0.74    599943  [      3.46]
'Elixir.Hangman.Dictionary.Stream':'-do_words/2-fun-4-'/1            173529     0.75    608484  [      3.51]
'Elixir.IO':read/2                                                   173529     0.75    608996  [      3.51]
'Elixir.Hangman.Dictionary.Stream':'-do_words/2-fun-1-'/2            173502     0.75    609894  [      3.52]
'Elixir.String':length/1                                             173528     0.75    610978  [      3.52]
'Elixir.Map':'update!'/3                                             173554     0.78    628584  [      3.62]
'Elixir.Stream':'-chunk_by/2-fun-0-'/4                               173528     0.80    644645  [      3.71]
'Elixir.Hangman.Word.Chunks':'-transform_stream/3-fun-0-'/2          173528     0.80    650243  [      3.75]
'Elixir.String.Unicode':rstrip/2                                     347056     0.82    667458  [      1.92]
erlang:monitor/2                                                     173557     1.16    937633  [      5.40]
'Elixir.String.Unicode':do_rstrip_l/1                                346960     1.77   1435247  [      4.14]
'Elixir.Map':update/4                                               1256142     2.58   2086904  [      1.66]
'Elixir.String.Graphemes':next_extend_size/2                        1576461     3.31   2683392  [      1.70]
'Elixir.Enum':'-reduce/3-lists^foldl/2-0-'/3                        1603301     3.44   2787191  [      1.74]
maps:is_key/2                                                       1576593     3.61   2923160  [      1.85]
'Elixir.String.Graphemes':do_length/2                               1749989     3.67   2969831  [      1.70]
maps:find/2                                                         1429696     3.81   3085167  [      2.16]
'Elixir.String.Unicode':downcase/2                                  1749989     4.02   3255467  [      1.86]
'Elixir.Hangman.Counter':'-add_letters/2-fun-0-'/1                  1255520     5.22   4230467  [      3.37]
'Elixir.Hangman.Counter':'-add_letters/2-fun-1-'/2                  1256142     5.24   4245555  [      3.38]
'Elixir.Enum':do_uniq/3                                             1749989     6.10   4942844  [      2.82]
'Elixir.Enum':'-uniq/1-fun-0-'/1                                    1576461     6.47   5242845  [      3.33]
'Elixir.String.Unicode':do_codepoints/1                             1749989     6.76   5473526  [      3.13]
'Elixir.String.Unicode':next_codepoint/1                            1749989     7.44   6029742  [      3.45]
'Elixir.String.Graphemes':next_grapheme_size/1                      1749989     7.61   6164839  [      3.52]
maps:put/3                                                          2685838     7.96   6445549  [      2.40]
-----------------------------------------------------------------  --------  -------  --------  [----------]
Total:                                                             31363713  100.00%  81014945  [      2.58]
